[DEBUG] 2019-06-17 01:52:51 [main] DisambarkationActionTest:55 - Passager [id=22, terminalId=0, planeId=2, passagerTarget=TO_DISAMBARK]
[DEBUG] 2019-06-17 01:52:51 [main] DisambarkationActionTest:55 - Passager [id=23, terminalId=2, planeId=3, passagerTarget=TO_DISAMBARK]
[DEBUG] 2019-06-17 01:52:51 [main] DisambarkationActionTest:55 - Passager [id=24, terminalId=2, planeId=4, passagerTarget=TO_DISAMBARK]
[DEBUG] 2019-06-17 01:52:51 [main] DisambarkationActionTest:55 - Passager [id=25, terminalId=2, planeId=5, passagerTarget=TO_DISAMBARK]
[DEBUG] 2019-06-17 01:52:51 [main] DisambarkationActionTest:55 - Passager [id=26, terminalId=3, planeId=6, passagerTarget=TO_DISAMBARK]
[DEBUG] 2019-06-17 01:52:51 [main] DisambarkationActionTest:55 - Passager [id=27, terminalId=3, planeId=7, passagerTarget=TO_DISAMBARK]
[DEBUG] 2019-06-17 01:52:51 [main] DisambarkationActionTest:55 - Passager [id=28, terminalId=1, planeId=8, passagerTarget=TO_DISAMBARK]
[DEBUG] 2019-06-17 01:52:51 [main] DisambarkationActionTest:55 - Passager [id=29, terminalId=3, planeId=9, passagerTarget=TO_DISAMBARK]
[DEBUG] 2019-06-17 01:52:51 [main] DisambarkationActionTest:55 - Passager [id=30, terminalId=3, planeId=10, passagerTarget=TO_DISAMBARK]
[DEBUG] 2019-06-17 01:52:51 [main] DisambarkationActionTest:55 - Passager [id=31, terminalId=3, planeId=1, passagerTarget=TO_DISAMBARK]
[DEBUG] 2019-06-17 01:52:51 [main] DisambarkationActionTest:55 - Passager [id=32, terminalId=1, planeId=2, passagerTarget=TO_DISAMBARK]
[DEBUG] 2019-06-17 01:52:51 [main] DisambarkationActionTest:55 - Passager [id=33, terminalId=0, planeId=3, passagerTarget=TO_DISAMBARK]
[DEBUG] 2019-06-17 01:52:51 [main] DisambarkationActionTest:55 - Passager [id=34, terminalId=0, planeId=4, passagerTarget=TO_DISAMBARK]
[DEBUG] 2019-06-17 01:52:51 [main] DisambarkationActionTest:55 - Passager [id=35, terminalId=0, planeId=5, passagerTarget=TO_DISAMBARK]
[DEBUG] 2019-06-17 01:52:51 [main] DisambarkationActionTest:55 - Passager [id=36, terminalId=0, planeId=6, passagerTarget=TO_DISAMBARK]
[DEBUG] 2019-06-17 01:52:51 [main] DisambarkationActionTest:55 - Passager [id=37, terminalId=1, planeId=7, passagerTarget=TO_DISAMBARK]
[DEBUG] 2019-06-17 01:52:51 [main] DisambarkationActionTest:55 - Passager [id=38, terminalId=2, planeId=8, passagerTarget=TO_DISAMBARK]
[DEBUG] 2019-06-17 01:52:51 [main] DisambarkationActionTest:55 - Passager [id=39, terminalId=0, planeId=9, passagerTarget=TO_DISAMBARK]
[DEBUG] 2019-06-17 01:52:51 [main] DisambarkationActionTest:55 - Passager [id=40, terminalId=1, planeId=10, passagerTarget=TO_DISAMBARK]
[DEBUG] 2019-06-17 01:52:51 [main] DisambarkationActionTest:55 - Passager [id=41, terminalId=3, planeId=1, passagerTarget=TO_DISAMBARK]
[DEBUG] 2019-06-17 01:52:51 [main] DisambarkationActionTest:55 - Passager [id=42, terminalId=3, planeId=2, passagerTarget=TO_DISAMBARK]
[DEBUG] 2019-06-17 01:52:51 [main] DisambarkationActionTest:55 - Passager [id=43, terminalId=1, planeId=3, passagerTarget=TO_DISAMBARK]
[DEBUG] 2019-06-17 01:52:51 [main] DisambarkationActionTest:55 - Passager [id=44, terminalId=3, planeId=4, passagerTarget=TO_DISAMBARK]
[DEBUG] 2019-06-17 01:52:51 [main] DisambarkationActionTest:55 - Passager [id=45, terminalId=0, planeId=5, passagerTarget=TO_DISAMBARK]
[DEBUG] 2019-06-17 01:52:51 [main] DisambarkationActionTest:55 - Passager [id=46, terminalId=2, planeId=6, passagerTarget=TO_DISAMBARK]
[DEBUG] 2019-06-17 01:52:51 [main] DisambarkationActionTest:55 - Passager [id=47, terminalId=2, planeId=7, passagerTarget=TO_DISAMBARK]
[DEBUG] 2019-06-17 01:52:51 [main] DisambarkationActionTest:55 - Passager [id=48, terminalId=0, planeId=8, passagerTarget=TO_DISAMBARK]
[DEBUG] 2019-06-17 01:52:51 [main] DisambarkationActionTest:55 - Passager [id=49, terminalId=3, planeId=9, passagerTarget=TO_DISAMBARK]
[DEBUG] 2019-06-17 01:52:51 [main] DisambarkationActionTest:55 - Passager [id=50, terminalId=0, planeId=10, passagerTarget=TO_DISAMBARK]
[DEBUG] 2019-06-17 01:52:51 [main] DisambarkationActionTest:55 - Passager [id=51, terminalId=1, planeId=1, passagerTarget=TO_DISAMBARK]
[DEBUG] 2019-06-17 01:52:51 [main] DisambarkationActionTest:55 - Passager [id=52, terminalId=1, planeId=2, passagerTarget=TO_DISAMBARK]
[DEBUG] 2019-06-17 01:52:51 [main] DisambarkationActionTest:55 - Passager [id=53, terminalId=0, planeId=3, passagerTarget=TO_DISAMBARK]
[DEBUG] 2019-06-17 01:52:51 [main] DisambarkationActionTest:55 - Passager [id=54, terminalId=0, planeId=4, passagerTarget=TO_DISAMBARK]
[DEBUG] 2019-06-17 01:52:51 [main] DisambarkationActionTest:55 - Passager [id=55, terminalId=1, planeId=5, passagerTarget=TO_DISAMBARK]
[DEBUG] 2019-06-17 01:52:51 [main] DisambarkationActionTest:55 - Passager [id=56, terminalId=1, planeId=6, passagerTarget=TO_DISAMBARK]
[DEBUG] 2019-06-17 01:52:51 [main] DisambarkationActionTest:55 - Passager [id=57, terminalId=1, planeId=7, passagerTarget=TO_DISAMBARK]
[DEBUG] 2019-06-17 01:52:51 [main] DisambarkationActionTest:55 - Passager [id=58, terminalId=0, planeId=8, passagerTarget=TO_DISAMBARK]
[DEBUG] 2019-06-17 01:52:51 [main] DisambarkationActionTest:55 - Passager [id=59, terminalId=1, planeId=9, passagerTarget=TO_DISAMBARK]
[DEBUG] 2019-06-17 01:52:51 [main] DisambarkationActionTest:55 - Passager [id=60, terminalId=0, planeId=10, passagerTarget=TO_DISAMBARK]
[DEBUG] 2019-06-17 01:52:51 [main] DisambarkationActionTest:55 - Passager [id=61, terminalId=0, planeId=1, passagerTarget=TO_DISAMBARK]
[DEBUG] 2019-06-17 01:52:51 [main] DisambarkationActionTest:55 - Passager [id=62, terminalId=3, planeId=2, passagerTarget=TO_DISAMBARK]
[DEBUG] 2019-06-17 01:52:51 [main] DisambarkationActionTest:55 - Passager [id=63, terminalId=3, planeId=3, passagerTarget=TO_DISAMBARK]
[DEBUG] 2019-06-17 01:52:51 [main] DisambarkationActionTest:55 - Passager [id=64, terminalId=3, planeId=4, passagerTarget=TO_DISAMBARK]
[DEBUG] 2019-06-17 01:52:51 [main] DisambarkationActionTest:55 - Passager [id=65, terminalId=2, planeId=5, passagerTarget=TO_DISAMBARK]
[DEBUG] 2019-06-17 01:52:51 [main] DisambarkationActionTest:55 - Passager [id=66, terminalId=1, planeId=6, passagerTarget=TO_DISAMBARK]
[DEBUG] 2019-06-17 01:52:51 [main] DisambarkationActionTest:55 - Passager [id=67, terminalId=0, planeId=7, passagerTarget=TO_DISAMBARK]
[DEBUG] 2019-06-17 01:52:51 [main] DisambarkationActionTest:55 - Passager [id=68, terminalId=0, planeId=8, passagerTarget=TO_DISAMBARK]
[DEBUG] 2019-06-17 01:52:51 [main] DisambarkationActionTest:55 - Passager [id=69, terminalId=2, planeId=9, passagerTarget=TO_DISAMBARK]
[DEBUG] 2019-06-17 01:52:51 [main] DisambarkationActionTest:55 - Passager [id=70, terminalId=1, planeId=10, passagerTarget=TO_DISAMBARK]
[DEBUG] 2019-06-17 01:52:51 [main] DisambarkationActionTest:55 - Passager [id=71, terminalId=0, planeId=1, passagerTarget=TO_DISAMBARK]
[DEBUG] 2019-06-17 01:52:51 [main] DisambarkationActionTest:55 - Passager [id=72, terminalId=0, planeId=2, passagerTarget=TO_DISAMBARK]
[DEBUG] 2019-06-17 01:52:51 [main] DisambarkationActionTest:55 - Passager [id=73, terminalId=3, planeId=3, passagerTarget=TO_DISAMBARK]
[DEBUG] 2019-06-17 01:52:51 [main] DisambarkationActionTest:55 - Passager [id=74, terminalId=1, planeId=4, passagerTarget=TO_DISAMBARK]
[DEBUG] 2019-06-17 01:52:51 [main] DisambarkationActionTest:55 - Passager [id=75, terminalId=2, planeId=5, passagerTarget=TO_DISAMBARK]
[DEBUG] 2019-06-17 01:52:51 [main] DisambarkationActionTest:55 - Passager [id=76, terminalId=0, planeId=6, passagerTarget=TO_DISAMBARK]
[DEBUG] 2019-06-17 01:52:51 [main] DisambarkationActionTest:55 - Passager [id=77, terminalId=2, planeId=7, passagerTarget=TO_DISAMBARK]
[DEBUG] 2019-06-17 01:52:51 [main] DisambarkationActionTest:55 - Passager [id=78, terminalId=2, planeId=8, passagerTarget=TO_DISAMBARK]
[DEBUG] 2019-06-17 01:52:51 [main] DisambarkationActionTest:55 - Passager [id=79, terminalId=3, planeId=9, passagerTarget=TO_DISAMBARK]
[DEBUG] 2019-06-17 01:52:51 [main] DisambarkationActionTest:55 - Passager [id=80, terminalId=2, planeId=10, passagerTarget=TO_DISAMBARK]
[DEBUG] 2019-06-17 01:52:51 [main] DisambarkationActionTest:55 - Passager [id=81, terminalId=1, planeId=1, passagerTarget=TO_DISAMBARK]
[DEBUG] 2019-06-17 01:52:51 [main] DisambarkationActionTest:55 - Passager [id=82, terminalId=2, planeId=2, passagerTarget=TO_DISAMBARK]
[DEBUG] 2019-06-17 01:52:51 [main] DisambarkationActionTest:55 - Passager [id=83, terminalId=0, planeId=3, passagerTarget=TO_DISAMBARK]
[DEBUG] 2019-06-17 01:52:51 [main] DisambarkationActionTest:55 - Passager [id=84, terminalId=1, planeId=4, passagerTarget=TO_DISAMBARK]
[DEBUG] 2019-06-17 01:52:51 [main] DisambarkationActionTest:55 - Passager [id=85, terminalId=3, planeId=5, passagerTarget=TO_DISAMBARK]
[DEBUG] 2019-06-17 01:52:51 [main] DisambarkationActionTest:55 - Passager [id=86, terminalId=1, planeId=6, passagerTarget=TO_DISAMBARK]
[DEBUG] 2019-06-17 01:52:51 [main] DisambarkationActionTest:55 - Passager [id=87, terminalId=0, planeId=7, passagerTarget=TO_DISAMBARK]
[DEBUG] 2019-06-17 01:52:51 [main] DisambarkationActionTest:55 - Passager [id=88, terminalId=3, planeId=8, passagerTarget=TO_DISAMBARK]
[DEBUG] 2019-06-17 01:52:51 [main] DisambarkationActionTest:55 - Passager [id=89, terminalId=2, planeId=9, passagerTarget=TO_DISAMBARK]
[DEBUG] 2019-06-17 01:52:51 [main] DisambarkationActionTest:55 - Passager [id=90, terminalId=3, planeId=10, passagerTarget=TO_DISAMBARK]
[DEBUG] 2019-06-17 01:52:51 [main] DisambarkationActionTest:55 - Passager [id=91, terminalId=1, planeId=1, passagerTarget=TO_DISAMBARK]
[DEBUG] 2019-06-17 01:52:51 [main] DisambarkationActionTest:55 - Passager [id=92, terminalId=3, planeId=2, passagerTarget=TO_DISAMBARK]
[DEBUG] 2019-06-17 01:52:51 [main] DisambarkationActionTest:55 - Passager [id=93, terminalId=3, planeId=3, passagerTarget=TO_DISAMBARK]
[DEBUG] 2019-06-17 01:52:51 [main] DisambarkationActionTest:55 - Passager [id=94, terminalId=0, planeId=4, passagerTarget=TO_DISAMBARK]
[DEBUG] 2019-06-17 01:52:51 [main] DisambarkationActionTest:55 - Passager [id=95, terminalId=3, planeId=5, passagerTarget=TO_DISAMBARK]
[DEBUG] 2019-06-17 01:52:51 [main] DisambarkationActionTest:55 - Passager [id=96, terminalId=0, planeId=6, passagerTarget=TO_DISAMBARK]
[DEBUG] 2019-06-17 01:52:51 [main] DisambarkationActionTest:55 - Passager [id=97, terminalId=1, planeId=7, passagerTarget=TO_DISAMBARK]
[DEBUG] 2019-06-17 01:52:51 [main] DisambarkationActionTest:55 - Passager [id=98, terminalId=2, planeId=8, passagerTarget=TO_DISAMBARK]
[DEBUG] 2019-06-17 01:52:51 [main] DisambarkationActionTest:55 - Passager [id=99, terminalId=1, planeId=9, passagerTarget=TO_DISAMBARK]
[DEBUG] 2019-06-17 01:52:51 [main] DisambarkationActionTest:55 - Passager [id=100, terminalId=1, planeId=10, passagerTarget=TO_DISAMBARK]
[DEBUG] 2019-06-17 01:52:51 [main] DisambarkationActionTest:60 - Plane [id=1, capacity=23, passagers=[]]
[DEBUG] 2019-06-17 01:52:51 [main] DisambarkationActionTest:60 - Plane [id=2, capacity=84, passagers=[]]
[DEBUG] 2019-06-17 01:52:51 [main] DisambarkationActionTest:60 - Plane [id=3, capacity=78, passagers=[]]
[DEBUG] 2019-06-17 01:52:51 [main] DisambarkationActionTest:60 - Plane [id=4, capacity=73, passagers=[]]
[DEBUG] 2019-06-17 01:52:51 [main] DisambarkationActionTest:60 - Plane [id=5, capacity=69, passagers=[]]
[DEBUG] 2019-06-17 01:52:51 [main] DisambarkationActionTest:60 - Plane [id=6, capacity=62, passagers=[]]
[DEBUG] 2019-06-17 01:52:51 [main] DisambarkationActionTest:60 - Plane [id=7, capacity=9, passagers=[]]
[DEBUG] 2019-06-17 01:52:51 [main] DisambarkationActionTest:60 - Plane [id=8, capacity=49, passagers=[]]
[DEBUG] 2019-06-17 01:52:51 [main] DisambarkationActionTest:60 - Plane [id=9, capacity=99, passagers=[]]
[DEBUG] 2019-06-17 01:52:51 [main] DisambarkationActionTest:60 - Plane [id=10, capacity=24, passagers=[]]
[DEBUG] 2019-06-17 01:52:51 [main] DisambarkationActionTest:73 - Size of passagers before: 100
[INFO ] 2019-06-17 01:52:51 [Thread-1] Terminal:43 - Terminal 1 has started.
[INFO ] 2019-06-17 01:52:51 [Thread-0] Ladder:39 - Ladder 17 has started.
[DEBUG] 2019-06-17 01:52:51 [main] DisambarkationActionTest:76 - Size of passagers after: 75
[DEBUG] 2019-06-17 01:52:51 [main] DisambarkationActionTest:73 - Size of passagers before: 75
[INFO ] 2019-06-17 01:52:51 [Thread-0] Ladder:68 - No plane to perfome. Starting to find for one.
