[DEBUG] 2019-06-17 01:52:51 [main] DisambarkationActionTest:76 - Size of passagers after: 51
[INFO ] 2019-06-17 01:52:51 [Thread-1] Terminal:49 - Terminal 1 has started disembarkation,on ladder 17.
[INFO ] 2019-06-17 01:52:51 [Thread-2] Ladder:39 - Ladder 19 has started.
[INFO ] 2019-06-17 01:52:51 [Thread-3] Terminal:43 - Terminal 2 has started.
[INFO ] 2019-06-17 01:52:51 [Thread-0] Ladder:74 - Ladder 17 found the plane.
[INFO ] 2019-06-17 01:52:51 [Thread-2] Ladder:68 - No plane to perfome. Starting to find for one.
[INFO ] 2019-06-17 01:52:51 [Thread-0] Ladder:44 - Ladder17 has an plane to performe actions.
[INFO ] 2019-06-17 01:52:51 [Thread-1] Terminal:52 - Terminal 1 has ended disembarkation.
[INFO ] 2019-06-17 01:52:51 [Thread-2] Ladder:74 - Ladder 19 found the plane.
[INFO ] 2019-06-17 01:52:51 [Thread-3] Terminal:49 - Terminal 2 has started disembarkation,on ladder 19.
[DEBUG] 2019-06-17 01:52:51 [main] DisambarkationActionTest:73 - Size of passagers before: 51
[INFO ] 2019-06-17 01:52:51 [Thread-1] Terminal:49 - Terminal 1 has started disembarkation,on ladder 17.
[INFO ] 2019-06-17 01:52:51 [Thread-3] Terminal:52 - Terminal 2 has ended disembarkation.
[INFO ] 2019-06-17 01:52:51 [Thread-2] Ladder:44 - Ladder19 has an plane to performe actions.
[INFO ] 2019-06-17 01:52:51 [Thread-4] Ladder:39 - Ladder 21 has started.
[INFO ] 2019-06-17 01:52:51 [Thread-0] Ladder:48 - Ladder 17 has started disembarkation on plane 1
[INFO ] 2019-06-17 01:52:51 [Thread-5] Terminal:43 - Terminal 3 has started.
[INFO ] 2019-06-17 01:52:51 [Thread-2] Ladder:48 - Ladder 19 has started disembarkation on plane 2
[INFO ] 2019-06-17 01:52:51 [Thread-4] Ladder:68 - No plane to perfome. Starting to find for one.
[INFO ] 2019-06-17 01:52:51 [Thread-0] DisembarkationAction:26 - Plane 1 is full
[DEBUG] 2019-06-17 01:52:51 [main] DisambarkationActionTest:76 - Size of passagers after: 26
[INFO ] 2019-06-17 01:52:51 [Thread-4] Ladder:74 - Ladder 21 found the plane.
[INFO ] 2019-06-17 01:52:51 [Thread-3] Terminal:49 - Terminal 2 has started disembarkation,on ladder 19.
[INFO ] 2019-06-17 01:52:51 [Thread-0] Ladder:52 - Ladder 17 has ended disembarkation on plane 1
[INFO ] 2019-06-17 01:52:51 [Thread-5] Terminal:49 - Terminal 3 has started disembarkation,on ladder 21.
[INFO ] 2019-06-17 01:52:51 [Thread-4] Ladder:44 - Ladder21 has an plane to performe actions.
[DEBUG] 2019-06-17 01:52:51 [main] DisambarkationActionTest:73 - Size of passagers before: 26
[INFO ] 2019-06-17 01:52:51 [Thread-0] Ladder:68 - No plane to perfome. Starting to find for one.
[INFO ] 2019-06-17 01:52:51 [Thread-3] Terminal:52 - Terminal 2 has ended disembarkation.
[INFO ] 2019-06-17 01:52:51 [Thread-4] Ladder:48 - Ladder 21 has started disembarkation on plane 3
[INFO ] 2019-06-17 01:52:51 [Thread-5] Terminal:52 - Terminal 3 has ended disembarkation.
[INFO ] 2019-06-17 01:52:51 [Thread-0] Ladder:74 - Ladder 17 found the plane.
[INFO ] 2019-06-17 01:52:51 [Thread-3] Terminal:49 - Terminal 2 has started disembarkation,on ladder 19.
[INFO ] 2019-06-17 01:52:51 [Thread-4] DisembarkationAction:26 - Plane 3 is full
[INFO ] 2019-06-17 01:52:51 [Thread-5] Terminal:49 - Terminal 3 has started disembarkation,on ladder 21.
[DEBUG] 2019-06-17 01:52:51 [main] DisambarkationActionTest:76 - Size of passagers after: 26
[INFO ] 2019-06-17 01:52:51 [Thread-6] Ladder:39 - Ladder 23 has started.
[INFO ] 2019-06-17 01:52:51 [Thread-5] Terminal:52 - Terminal 3 has ended disembarkation.
[INFO ] 2019-06-17 01:52:51 [Thread-1] Terminal:52 - Terminal 1 has ended disembarkation.
[INFO ] 2019-06-17 01:52:51 [Thread-2] DisembarkationAction:26 - Plane 2 is full
[INFO ] 2019-06-17 01:52:51 [Thread-6] Ladder:68 - No plane to perfome. Starting to find for one.
[INFO ] 2019-06-17 01:52:51 [Thread-6] Ladder:74 - Ladder 23 found the plane.
[INFO ] 2019-06-17 01:52:51 [Thread-6] Ladder:44 - Ladder23 has an plane to performe actions.
[INFO ] 2019-06-17 01:52:51 [Thread-6] Ladder:48 - Ladder 23 has started disembarkation on plane 5
[INFO ] 2019-06-17 01:52:51 [Thread-0] Ladder:44 - Ladder17 has an plane to performe actions.
[INFO ] 2019-06-17 01:52:51 [Thread-4] Ladder:52 - Ladder 21 has ended disembarkation on plane 3
[INFO ] 2019-06-17 01:52:51 [Thread-7] Terminal:43 - Terminal 4 has started.
[INFO ] 2019-06-17 01:52:51 [Thread-4] Ladder:68 - No plane to perfome. Starting to find for one.
[INFO ] 2019-06-17 01:52:51 [Thread-4] Ladder:74 - Ladder 21 found the plane.
[INFO ] 2019-06-17 01:52:51 [Thread-1] Terminal:49 - Terminal 1 has started disembarkation,on ladder 17.
[INFO ] 2019-06-17 01:52:51 [Thread-0] Ladder:48 - Ladder 17 has started disembarkation on plane 4
[INFO ] 2019-06-17 01:52:51 [Thread-4] Ladder:44 - Ladder21 has an plane to performe actions.
[INFO ] 2019-06-17 01:52:51 [Thread-4] Ladder:48 - Ladder 21 has started disembarkation on plane 6
[INFO ] 2019-06-17 01:52:51 [Thread-6] DisembarkationAction:26 - Plane 5 is full
[INFO ] 2019-06-17 01:52:51 [Thread-3] Terminal:52 - Terminal 2 has ended disembarkation.
[INFO ] 2019-06-17 01:52:51 [Thread-6] Ladder:52 - Ladder 23 has ended disembarkation on plane 5
[INFO ] 2019-06-17 01:52:51 [Thread-6] Ladder:68 - No plane to perfome. Starting to find for one.
[INFO ] 2019-06-17 01:52:51 [Thread-6] Ladder:74 - Ladder 23 found the plane.
[INFO ] 2019-06-17 01:52:51 [Thread-0] DisembarkationAction:26 - Plane 4 is full
[INFO ] 2019-06-17 01:52:51 [Thread-6] Ladder:44 - Ladder23 has an plane to performe actions.
[INFO ] 2019-06-17 01:52:51 [Thread-4] DisembarkationAction:26 - Plane 6 is full
[INFO ] 2019-06-17 01:52:51 [Thread-0] Ladder:52 - Ladder 17 has ended disembarkation on plane 4
[INFO ] 2019-06-17 01:52:51 [Thread-4] Ladder:52 - Ladder 21 has ended disembarkation on plane 6
[INFO ] 2019-06-17 01:52:51 [Thread-2] Ladder:52 - Ladder 19 has ended disembarkation on plane 2
[INFO ] 2019-06-17 01:52:51 [Thread-4] Ladder:68 - No plane to perfome. Starting to find for one.
[INFO ] 2019-06-17 01:52:51 [Thread-2] Ladder:68 - No plane to perfome. Starting to find for one.
[INFO ] 2019-06-17 01:52:51 [Thread-4] Ladder:74 - Ladder 21 found the plane.
[INFO ] 2019-06-17 01:52:51 [Thread-0] Ladder:68 - No plane to perfome. Starting to find for one.
[INFO ] 2019-06-17 01:52:51 [Thread-2] Ladder:74 - Ladder 19 found the plane.
[INFO ] 2019-06-17 01:52:51 [Thread-6] Ladder:48 - Ladder 23 has started disembarkation on plane 7
[INFO ] 2019-06-17 01:52:51 [Thread-5] Terminal:49 - Terminal 3 has started disembarkation,on ladder 21.
[INFO ] 2019-06-17 01:52:51 [Thread-0] Ladder:74 - Ladder 17 found the plane.
[INFO ] 2019-06-17 01:52:51 [Thread-2] Ladder:44 - Ladder19 has an plane to performe actions.
[INFO ] 2019-06-17 01:52:51 [Thread-5] Terminal:52 - Terminal 3 has ended disembarkation.
[INFO ] 2019-06-17 01:52:51 [Thread-2] Ladder:48 - Ladder 19 has started disembarkation on plane 9
[INFO ] 2019-06-17 01:52:51 [Thread-1] Terminal:52 - Terminal 1 has ended disembarkation.
[INFO ] 2019-06-17 01:52:51 [Thread-2] DisembarkationAction:26 - Plane 9 is full
[INFO ] 2019-06-17 01:52:51 [Thread-0] Ladder:44 - Ladder17 has an plane to performe actions.
[INFO ] 2019-06-17 01:52:51 [Thread-2] Ladder:52 - Ladder 19 has ended disembarkation on plane 9
[INFO ] 2019-06-17 01:52:51 [Thread-4] Ladder:44 - Ladder21 has an plane to performe actions.
[INFO ] 2019-06-17 01:52:51 [Thread-4] Ladder:48 - Ladder 21 has started disembarkation on plane 8
[INFO ] 2019-06-17 01:52:51 [Thread-4] DisembarkationAction:26 - Plane 8 is full
[INFO ] 2019-06-17 01:52:51 [Thread-4] Ladder:52 - Ladder 21 has ended disembarkation on plane 8
[INFO ] 2019-06-17 01:52:51 [Thread-4] Ladder:68 - No plane to perfome. Starting to find for one.
[INFO ] 2019-06-17 01:52:51 [Thread-3] Terminal:49 - Terminal 2 has started disembarkation,on ladder 19.
[INFO ] 2019-06-17 01:52:51 [Thread-4] Ladder:71 - No plane found.
[INFO ] 2019-06-17 01:52:51 [Thread-2] Ladder:68 - No plane to perfome. Starting to find for one.
[INFO ] 2019-06-17 01:52:51 [Thread-1] Terminal:49 - Terminal 1 has started disembarkation,on ladder 17.
[INFO ] 2019-06-17 01:52:51 [Thread-6] DisembarkationAction:26 - Plane 7 is full
[INFO ] 2019-06-17 01:52:51 [Thread-0] Ladder:48 - Ladder 17 has started disembarkation on plane 10
[INFO ] 2019-06-17 01:52:51 [Thread-2] Ladder:71 - No plane found.
[INFO ] 2019-06-17 01:52:51 [Thread-0] DisembarkationAction:26 - Plane 10 is full
[INFO ] 2019-06-17 01:52:51 [Thread-5] Terminal:49 - Terminal 3 has started disembarkation,on ladder 21.
[INFO ] 2019-06-17 01:52:51 [Thread-6] Ladder:52 - Ladder 23 has ended disembarkation on plane 7
[INFO ] 2019-06-17 01:52:51 [Thread-6] Ladder:68 - No plane to perfome. Starting to find for one.
[INFO ] 2019-06-17 01:52:51 [Thread-0] Ladder:52 - Ladder 17 has ended disembarkation on plane 10
[INFO ] 2019-06-17 01:52:51 [Thread-6] Ladder:71 - No plane found.
[INFO ] 2019-06-17 01:52:51 [Thread-3] Terminal:52 - Terminal 2 has ended disembarkation.
[INFO ] 2019-06-17 01:52:51 [Thread-1] Terminal:52 - Terminal 1 has ended disembarkation.
[INFO ] 2019-06-17 01:52:51 [Thread-5] Terminal:52 - Terminal 3 has ended disembarkation.
[INFO ] 2019-06-17 01:52:51 [Thread-0] Ladder:68 - No plane to perfome. Starting to find for one.
[INFO ] 2019-06-17 01:52:51 [Thread-0] Ladder:71 - No plane found.
